c:\users\cyan\source\repos\a1_brown_samuel\build\debug - x64\vc142.pdb
c:\users\cyan\source\repos\a1_brown_samuel\build\debug - x64\vc142.idb
c:\users\cyan\source\repos\a1_brown_samuel\build\debug - x64\glad.obj
c:\users\cyan\source\repos\a1_brown_samuel\build\debug - x64\main.obj
c:\users\cyan\source\repos\a1_brown_samuel\build\debug - x64\graphicsapplication.obj
c:\users\cyan\source\repos\a1_brown_samuel\build\debug - x64\defs.obj
c:\users\cyan\source\repos\a1_brown_samuel\build\debug - x64\utils.obj
c:\users\cyan\source\repos\a1_brown_samuel\build\debug - x64\mengerspongeapplication.obj
c:\users\cyan\source\repos\a1_brown_samuel\build\debug - x64\graphicsapplicationabs.obj
c:\users\cyan\source\repos\a1_brown_samuel\build\debug - x64\a1.exe
c:\users\cyan\source\repos\a1_brown_samuel\build\debug - x64\a1.ilk
c:\users\cyan\source\repos\a1_brown_samuel\build\debug - x64\a1.pdb
c:\users\cyan\source\repos\a1_brown_samuel\build\debug - x64\application.obj
c:\users\cyan\source\repos\a1_brown_samuel\build\debug - x64\mengersponge.obj
c:\users\cyan\source\repos\a1_brown_samuel\build\debug - x64\programproper.obj
c:\users\cyan\source\repos\a1_brown_samuel\build\debug - x64\scene1.obj
c:\users\cyan\source\repos\a1_brown_samuel\\build\debug - x64\a1.pdb
c:\users\cyan\source\repos\a1_brown_samuel\\build\debug - x64\a1.ilk
c:\users\cyan\source\repos\a1_brown_samuel\build\debug - x64\rtrapp.tlog\cl.command.1.tlog
c:\users\cyan\source\repos\a1_brown_samuel\build\debug - x64\rtrapp.tlog\cl.read.1.tlog
c:\users\cyan\source\repos\a1_brown_samuel\build\debug - x64\rtrapp.tlog\cl.write.1.tlog
c:\users\cyan\source\repos\a1_brown_samuel\build\debug - x64\rtrapp.tlog\link.command.1.tlog
c:\users\cyan\source\repos\a1_brown_samuel\build\debug - x64\rtrapp.tlog\link.read.1.tlog
c:\users\cyan\source\repos\a1_brown_samuel\build\debug - x64\rtrapp.tlog\link.write.1.tlog
